2026-03-15 17:08:19 | WARNING  | libtorrent not installed – download panel will be disabled
2026-03-15 17:08:19 | INFO     | Loaded 0 entries from download history
2026-03-15 17:08:19 | INFO     | Applied theme: purple
2026-03-15 17:08:19 | INFO     | NovaPlay started
2026-03-15 17:08:20 | INFO     | Library scan complete – 2 root(s) loaded
2026-03-15 17:08:57 | INFO     | File selected: /home/aryan-bodhe/Desktop/Aryan/Movies/Hindi/2.States.2014.1080p.BluRay.Hindi.DD.5.1.x264.ESubs.mkv
2026-03-15 17:08:57 | INFO     | Playing: 2.States.2014.1080p.BluRay.Hindi.DD.5.1.x264.ESubs.mkv (resume=0ms)
2026-03-15 17:09:08 | INFO     | File selected: /home/aryan-bodhe/Desktop/Aryan/Movies/Hindi/Article 370 (2024) Hindi 1080p HDRip x264 AAC 5.1 ESubs  [2.9GB] - QRips.mkv
2026-03-15 17:09:08 | INFO     | Playing: Article 370 (2024) Hindi 1080p HDRip x264 AAC 5.1 ESubs  [2.9GB] - QRips.mkv (resume=0ms)
2026-03-15 17:09:12 | INFO     | File selected: /home/aryan-bodhe/Desktop/Aryan/Movies/Hindi/Ae.Dil.Hai.Mushkil.2016.1080p.Bluray.Hindi.5.1.x264.ESub.mkv
2026-03-15 17:09:12 | INFO     | Playing: Ae.Dil.Hai.Mushkil.2016.1080p.Bluray.Hindi.5.1.x264.ESub.mkv (resume=0ms)
2026-03-15 17:09:13 | INFO     | File selected: /home/aryan-bodhe/Desktop/Aryan/Movies/Hindi/2.States.2014.1080p.BluRay.Hindi.DD.5.1.x264.ESubs.mkv
2026-03-15 17:09:13 | INFO     | Playing: 2.States.2014.1080p.BluRay.Hindi.DD.5.1.x264.ESubs.mkv (resume=0ms)
2026-03-15 17:10:12 | INFO     | File selected: /home/aryan-bodhe/Desktop/Aryan/Movies/Hindi/Dhurandhar.2025.1080p.Hindi.DS4K.WEB-DL.5.1.ESub.x264-HDHub4u.Ms.mkv
2026-03-15 17:10:12 | INFO     | Playing: Dhurandhar.2025.1080p.Hindi.DS4K.WEB-DL.5.1.ESub.x264-HDHub4u.Ms.mkv (resume=0ms)
2026-03-15 17:12:26 | INFO     | NovaPlay exiting
2026-03-15 17:29:28 | INFO     | Loaded 0 entries from download history
2026-03-15 17:29:28 | INFO     | TorrentEngine started (save_path=/home/aryan-bodhe/Downloads/NovaPlay)
2026-03-15 17:29:28 | INFO     | Applied theme: purple
2026-03-15 17:29:28 | INFO     | NovaPlay started
2026-03-15 17:29:28 | INFO     | Library scan complete – 2 root(s) loaded
2026-03-15 17:31:22 | INFO     | File selected: /home/aryan-bodhe/Desktop/Aryan/Movies/Hindi/Agneepath 2012 Bollywood full movie   Hrithik Roshan [erjxRyx8gfY].webm
2026-03-15 17:31:22 | INFO     | Playing: Agneepath 2012 Bollywood full movie   Hrithik Roshan [erjxRyx8gfY].webm (resume=0ms)
2026-03-15 17:31:23 | INFO     | File selected: /home/aryan-bodhe/Desktop/Aryan/Movies/Hindi/2.States.2014.1080p.BluRay.Hindi.DD.5.1.x264.ESubs.mkv
2026-03-15 17:31:23 | INFO     | Playing: 2.States.2014.1080p.BluRay.Hindi.DD.5.1.x264.ESubs.mkv (resume=0ms)
2026-03-15 17:43:14 | INFO     | TorrentEngine shut down
2026-03-15 17:43:14 | INFO     | NovaPlay exiting
2026-03-15 17:43:18 | INFO     | Loaded 0 entries from download history
2026-03-15 17:43:18 | INFO     | TorrentEngine started (save_path=/home/aryan-bodhe/Downloads/NovaPlay)
2026-03-15 17:43:18 | INFO     | Applied theme: purple
2026-03-15 17:43:18 | INFO     | NovaPlay started
2026-03-15 17:43:18 | INFO     | Library scan complete – 2 root(s) loaded
2026-03-15 17:43:34 | INFO     | TorrentEngine shut down
2026-03-15 17:43:34 | INFO     | NovaPlay exiting
2026-03-15 17:53:16 | INFO     | Loaded 0 entries from download history
2026-03-15 17:53:16 | INFO     | TorrentEngine started (save_path=/home/aryan-bodhe/Downloads/NovaPlay)
2026-03-15 17:53:17 | INFO     | Applied theme: purple
2026-03-15 17:53:17 | INFO     | NovaPlay started
2026-03-15 17:53:17 | INFO     | Library scan complete – 2 root(s) loaded
2026-03-15 17:53:31 | INFO     | File selected: /home/aryan-bodhe/Desktop/Aryan/Movies/Hindi/Dhurandhar.2025.1080p.Hindi.DS4K.WEB-DL.5.1.ESub.x264-HDHub4u.Ms.mkv
2026-03-15 17:53:31 | INFO     | Playing: Dhurandhar.2025.1080p.Hindi.DS4K.WEB-DL.5.1.ESub.x264-HDHub4u.Ms.mkv (resume=0ms)
2026-03-15 17:57:40 | INFO     | Magnet intercepted: magnet:?xt=urn:btih:2599434D754931279F15B757EDB337A8BDD81175&dn=Dear+Zindagi+%28
2026-03-15 17:57:40 | INFO     | Magnet added: 2599434d754931279f15b757edb337a8bdd81175
2026-03-15 18:00:15 | INFO     | Loaded 0 entries from download history
2026-03-15 18:00:15 | INFO     | TorrentEngine started (save_path=/home/aryan-bodhe/Downloads/NovaPlay)
2026-03-15 18:00:16 | INFO     | Applied theme: purple
2026-03-15 18:00:16 | INFO     | NovaPlay started
2026-03-15 18:00:16 | INFO     | Library scan complete – 2 root(s) loaded
2026-03-15 18:00:42 | INFO     | Added watch directory: /home/aryan-bodhe/Downloads/NovaPlay
2026-03-15 18:00:42 | INFO     | Library scan complete – 3 root(s) loaded
2026-03-15 18:00:44 | INFO     | Pin toggled for directory: /home/aryan-bodhe/Downloads/NovaPlay
2026-03-15 18:00:44 | INFO     | Library scan complete – 3 root(s) loaded
2026-03-15 18:01:20 | INFO     | Magnet intercepted: magnet:?xt=urn:btih:2599434D754931279F15B757EDB337A8BDD81175&dn=Dear+Zindagi+%28
2026-03-15 18:01:20 | INFO     | Magnet added: 2599434d754931279f15b757edb337a8bdd81175
2026-03-15 18:06:57 | INFO     | Bookmark added: Download Dear Zindagi (2016) [BluRay] [720p] [YTS] [YIFY] To
2026-03-15 18:07:56 | INFO     | Removed torrent 2599434d754931279f15b757edb337a8bdd81175 (delete_files=False)
2026-03-15 18:09:13 | INFO     | TorrentEngine shut down
2026-03-15 18:09:13 | INFO     | NovaPlay exiting
2026-03-15 18:37:29 | INFO     | Loaded 0 entries from download history
2026-03-15 18:37:29 | INFO     | TorrentEngine started (save_path=/home/aryan-bodhe/Downloads/NovaPlay)
2026-03-15 18:37:29 | INFO     | Applied theme: purple
2026-03-15 18:37:29 | INFO     | NovaPlay started
2026-03-15 18:37:29 | INFO     | Library scan complete – 3 root(s) loaded
2026-03-15 18:37:34 | INFO     | File selected: /home/aryan-bodhe/Desktop/Aryan/Movies/Hindi/Dhurandhar.2025.1080p.Hindi.DS4K.WEB-DL.5.1.ESub.x264-HDHub4u.Ms.mkv
2026-03-15 18:37:34 | INFO     | Playing: Dhurandhar.2025.1080p.Hindi.DS4K.WEB-DL.5.1.ESub.x264-HDHub4u.Ms.mkv (resume=0ms)
2026-03-15 23:39:52 | INFO     | TorrentEngine shut down
2026-03-15 23:39:52 | INFO     | NovaPlay exiting
